<?xml version="1.0" encoding="UTF-8"?>
<testng-results ignored="0" total="2" passed="2" failed="0" skipped="0">
  <reporter-output>
  </reporter-output>
  <suite started-at="2023-01-30T20:15:28 SGT" name="Default suite" finished-at="2023-01-30T20:15:59 SGT" duration-ms="30720">
    <groups>
    </groups>
    <test started-at="2023-01-30T20:15:28 SGT" name="Default test" finished-at="2023-01-30T20:15:59 SGT" duration-ms="30720">
      <class name="com.qa.test.TestCase2_Q2">
        <test-method is-config="true" signature="setUp()[pri:0, instance:com.qa.test.TestCase2_Q2@5c6648b0]" started-at="2023-01-30T20:15:28 SGT" name="setUp" finished-at="2023-01-30T20:15:55 SGT" duration-ms="27291" status="PASS">
          <reporter-output>
          </reporter-output>
        </test-method> <!-- setUp -->
        <test-method signature="SelectCustomer()[pri:0, instance:com.qa.test.TestCase2_Q2@5c6648b0]" started-at="2023-01-30T20:15:55 SGT" name="SelectCustomer" finished-at="2023-01-30T20:15:56 SGT" duration-ms="1226" status="PASS">
          <reporter-output>
          </reporter-output>
        </test-method> <!-- SelectCustomer -->
        <test-method signature="performTransactions()[pri:0, instance:com.qa.test.TestCase2_Q2@5c6648b0]" started-at="2023-01-30T20:15:56 SGT" name="performTransactions" finished-at="2023-01-30T20:15:59 SGT" duration-ms="2163" status="PASS">
          <reporter-output>
          </reporter-output>
        </test-method> <!-- performTransactions -->
      </class> <!-- com.qa.test.TestCase2_Q2 -->
    </test> <!-- Default test -->
  </suite> <!-- Default suite -->
</testng-results>
